<?xml version="1.0" encoding="UTF-8"?>
<!-- Generated by org.testng.reporters.JUnitReportReporter -->
<testsuite skipped="0" hostname="BLRKEC103576L" name="searchUIFunctionality.ClearSearch" tests="1" failures="0" timestamp="06 May 2019 11:20:55 GMT" time="9.739" errors="0">
  <testcase name="clearStringandSendNewString" time="9.739" classname="searchUIFunctionality.ClearSearch"/>
</testsuite> <!-- searchUIFunctionality.ClearSearch -->
